{
  service: 'authService',
  email: 'kamzy@gmail.com',
  action: 'LOGIN_ATTEMPT',
  level: '\x1B[32minfo\x1B[39m',
  message: 'Login attempt initiated',
  timestamp: '2025-07-19T16:20:43.395Z'
}
{
  service: 'authService',
  email: 'kamzy@gmail.com',
  action: 'LOGIN_SUCCESS',
  level: '\x1B[32minfo\x1B[39m',
  message: 'Login attempt successful',
  timestamp: '2025-07-19T16:20:44.033Z'
}
{
  service: 'authService',
  email: 'kamzy@gmail.com',
  action: 'LOGIN_ATTEMPT',
  level: '\x1B[32minfo\x1B[39m',
  message: 'Login attempt initiated',
  timestamp: '2025-07-19T20:27:48.127Z'
}
[32minfo[39m 2025-07-19T20:32:12.972Z Login attempt initiated
[32minfo[39m 2025-07-19T20:32:46.556Z Login attempt successful
[32minfo[39m 2025-07-19T20:33:19.983Z Login attempt initiated
[32minfo[39m 2025-07-19T20:33:21.261Z Login attempt successful
[32minfo[39m 2025-07-19T20:33:33.769Z Login attempt initiated
[31merror[39m 2025-07-19T20:33:34.098Z Login attempt failed
[31merror[39m 2025-07-19T20:33:34.099Z Login attempt failed
{"action":"LOGIN_ATTEMPT","email":"kamzy@gmail.com","level":"\u001b[32minfo\u001b[39m","message":"Login attempt initiated","service":"authService","timestamp":"2025-07-19T20:34:25.842Z"}
{"action":"LOGIN_FAILURE","email":"kamzy@gmail.com","error":"Invalid Password","level":"\u001b[31merror\u001b[39m","message":"Login attempt failed","service":"authService","timestamp":"2025-07-19T20:34:26.222Z"}
{"action":"LOGIN_FAILURE","email":"kamzy@gmail.com","error":"Invalid password","level":"\u001b[31merror\u001b[39m","message":"Login attempt failed","service":"authService","timestamp":"2025-07-19T20:34:26.223Z"}
{
  service: 'authService',
  email: 'kamzy@gmail.com',
  action: 'LOGIN_ATTEMPT',
  level: '\x1B[32minfo\x1B[39m',
  message: 'Login attempt initiated',
  timestamp: '2025-07-19T20:38:01.648Z'
}
{
  service: 'authService',
  email: 'kamzy@gmail.com',
  action: 'LOGIN_FAILURE',
  error: 'Invalid Password',
  level: '\x1B[31merror\x1B[39m',
  message: 'Login attempt failed',
  timestamp: '2025-07-19T20:38:01.993Z'
}
{
  service: 'authService',
  email: 'kamzy@gmail.com',
  action: 'LOGIN_FAILURE',
  error: 'Invalid password',
  level: '\x1B[31merror\x1B[39m',
  message: 'Login attempt failed',
  timestamp: '2025-07-19T20:38:01.995Z'
}
info 2025-07-19T20:40:27.567Z Login attempt initiated
error 2025-07-19T20:40:28.681Z Login attempt failed
error 2025-07-19T20:40:28.682Z Login attempt failed
info 2025-07-19T20:41:55.761Z Login attempt initiated
error 2025-07-19T20:41:58.502Z Login attempt failed
error 2025-07-19T20:41:58.504Z Login attempt failed
info 2025-07-19T20:43:01.429Z Login attempt initiated
error 2025-07-19T20:43:01.763Z Login attempt failed
error 2025-07-19T20:43:01.763Z Login attempt failed
{
  service: 'authService',
  email: 'kamzy@gmail.com',
  action: 'LOGIN_ATTEMPT',
  level: 'info',
  message: 'Login attempt initiated',
  timestamp: '2025-07-19T20:43:40.094Z'
}
{
  service: 'authService',
  email: 'kamzy@gmail.com',
  action: 'LOGIN_FAILURE',
  error: 'Invalid Password',
  level: 'error',
  message: 'Login attempt failed',
  timestamp: '2025-07-19T20:43:45.160Z'
}
{
  service: 'authService',
  email: 'kamzy@gmail.com',
  action: 'LOGIN_FAILURE',
  error: 'Invalid password',
  level: 'error',
  message: 'Login attempt failed',
  timestamp: '2025-07-19T20:43:45.162Z'
}
{
  service: 'authService',
  email: 'kamzy@gmail.com',
  action: 'LOGIN_ATTEMPT',
  level: 'info',
  message: 'Login attempt initiated',
  timestamp: '2025-07-19T21:03:17.812Z'
}
{
  service: 'authService',
  email: 'kamzy@gmail.com',
  action: 'LOGIN_FAILURE',
  error: 'Invalid Password',
  level: 'error',
  message: 'Login attempt failed',
  timestamp: '2025-07-19T21:03:31.642Z'
}
Invalid password
{
  service: 'authService',
  email: 'kamzy@gmail.com',
  action: 'LOGIN_ATTEMPT',
  level: 'info',
  message: 'Login attempt initiated',
  timestamp: '2025-07-19T21:05:47.170Z'
}
{
  service: 'authService',
  email: 'kamzy@gmail.com',
  action: 'LOGIN_FAILURE',
  error: 'Invalid Password',
  level: 'error',
  message: 'Login attempt failed',
  timestamp: '2025-07-19T21:05:47.529Z'
}
Invalid password
{
  service: 'authService',
  email: 'kamzy@gmail.com',
  action: 'LOGIN_ATTEMPT',
  level: 'info',
  message: 'Login attempt initiated',
  timestamp: '2025-07-19T21:06:00.035Z'
}
{
  service: 'authService',
  email: 'kamzy@gmail.com',
  action: 'LOGIN_FAILURE',
  error: 'Invalid Password',
  level: 'error',
  message: 'Login attempt failed',
  timestamp: '2025-07-19T21:06:00.427Z'
}
Invalid password
{
  service: 'authService',
  email: 'kamzy@gmail.com',
  action: 'LOGIN_ATTEMPT',
  level: 'info',
  message: 'Login attempt initiated',
  timestamp: '2025-07-19T21:09:18.777Z'
}
{
  service: 'authService',
  email: 'kamzy@gmail.com',
  action: 'LOGIN_FAILURE',
  error: 'Invalid Password',
  level: 'error',
  message: 'Login attempt failed',
  timestamp: '2025-07-19T21:09:19.159Z'
}
{
  status: 401,
  level: 'error',
  service: 'authService',
  timestamp: '2025-07-19T21:09:19.160Z'
}
{
  service: 'authService',
  email: 'kamzy@gmail.com',
  action: 'LOGIN_ATTEMPT',
  level: 'info',
  message: 'Login attempt initiated',
  timestamp: '2025-07-19T21:12:26.313Z'
}
{
  service: 'authService',
  email: 'kamzy@gmail.com',
  action: 'LOGIN_FAILURE',
  error: 'Invalid Password',
  level: 'error',
  message: 'Login attempt failed',
  timestamp: '2025-07-19T21:12:26.836Z'
}
Invalid password
{
  service: 'authService',
  email: 'kamzy@gmail.com',
  action: 'LOGIN_ATTEMPT',
  level: 'info',
  message: 'Login attempt initiated',
  timestamp: '2025-07-19T21:13:55.890Z'
}
{
  level: 'error',
  service: 'authService',
  timestamp: '2025-07-19T21:13:56.382Z'
}
Invalid password
{
  service: 'authService',
  email: 'kamzy@gmail.com',
  action: 'LOGIN_ATTEMPT',
  level: 'info',
  message: 'Login attempt initiated',
  timestamp: '2025-07-19T21:15:35.408Z'
}
{
  level: 'error',
  service: 'authService',
  timestamp: '2025-07-19T21:15:35.754Z'
}
Invalid password
{
  service: 'authService',
  email: 'kamzy@gmail.com',
  action: 'LOGIN_ATTEMPT',
  level: 'info',
  message: 'Login attempt initiated',
  timestamp: '2025-07-19T21:17:18.808Z'
}
{
  level: 'error',
  service: 'authService',
  timestamp: '2025-07-19T21:17:19.322Z',
  message: 'Login attempt failed',
  stack: 'Error: Login attempt failed\n' +
    '    at C:\\Users\\udoch\\Documents\\MY_PROJECTS\\SPREAD_LOVE_WEBSITE\\BACKEND\\src\\controllers\\authController.ts:96:26\n' +
    '    at Generator.next (<anonymous>)\n' +
    '    at fulfilled (C:\\Users\\udoch\\Documents\\MY_PROJECTS\\SPREAD_LOVE_WEBSITE\\BACKEND\\src\\controllers\\authController.ts:5:58)'
}
{
  service: 'authService',
  email: 'kamzy@gmail.com',
  action: 'LOGIN_FAILURE',
  error: 'Invalid password',
  level: 'error',
  message: 'Invalid password',
  timestamp: '2025-07-19T21:17:19.327Z',
  status: 401,
  stack: 'Error: Invalid password\n' +
    '    at C:\\Users\\udoch\\Documents\\MY_PROJECTS\\SPREAD_LOVE_WEBSITE\\BACKEND\\src\\controllers\\authController.ts:98:15\n' +
    '    at Generator.next (<anonymous>)\n' +
    '    at fulfilled (C:\\Users\\udoch\\Documents\\MY_PROJECTS\\SPREAD_LOVE_WEBSITE\\BACKEND\\src\\controllers\\authController.ts:5:58)'
}
{
  service: 'authService',
  email: 'kamzy@gmail.com',
  action: 'LOGIN_ATTEMPT',
  level: 'info',
  message: 'Login attempt initiated',
  timestamp: '2025-07-19T21:21:42.689Z'
}
{
  service: 'authService',
  email: 'kamzy@gmail.com',
  action: 'LOGIN_FAILURE',
  error: 'Invalid Password',
  level: 'error',
  message: 'Login attempt failed',
  timestamp: '2025-07-19T21:21:43.030Z',
  stack: 'Error: Login attempt failed\n' +
    '    at C:\\Users\\udoch\\Documents\\MY_PROJECTS\\SPREAD_LOVE_WEBSITE\\BACKEND\\src\\controllers\\authController.ts:96:26\n' +
    '    at Generator.next (<anonymous>)\n' +
    '    at fulfilled (C:\\Users\\udoch\\Documents\\MY_PROJECTS\\SPREAD_LOVE_WEBSITE\\BACKEND\\src\\controllers\\authController.ts:5:58)'
}
{
  service: 'authService',
  email: 'kamzy@gmail.com',
  action: 'LOGIN_FAILURE',
  error: 'Invalid password',
  level: 'error',
  message: 'Invalid password',
  timestamp: '2025-07-19T21:21:43.038Z',
  status: 401,
  stack: 'Error: Invalid password\n' +
    '    at C:\\Users\\udoch\\Documents\\MY_PROJECTS\\SPREAD_LOVE_WEBSITE\\BACKEND\\src\\controllers\\authController.ts:102:15\n' +
    '    at Generator.next (<anonymous>)\n' +
    '    at fulfilled (C:\\Users\\udoch\\Documents\\MY_PROJECTS\\SPREAD_LOVE_WEBSITE\\BACKEND\\src\\controllers\\authController.ts:5:58)'
}
{
  service: 'authService',
  email: 'kamzy@gmail.com',
  action: 'LOGIN_ATTEMPT',
  level: 'info',
  message: 'Login attempt initiated',
  timestamp: '2025-07-19T21:23:55.592Z'
}
{
  service: 'authService',
  email: 'kamzy@gmail.com',
  action: 'LOGIN_FAILURE',
  error: 'Missing fields',
  level: 'error',
  message: 'Login attempt failed',
  timestamp: '2025-07-19T21:23:55.594Z'
}
{
  service: 'authService',
  email: 'kamzy@gmail.com',
  action: 'LOGIN_ATTEMPT',
  level: 'info',
  message: 'Login attempt initiated',
  timestamp: '2025-07-19T21:48:47.076Z'
}
{
  service: 'authService',
  email: 'kamzy@gmail.com',
  adminId: new ObjectId('683d767bcb0122edbe147cee'),
  role: 'superadmin',
  action: 'LOGIN_SUCCESS',
  level: 'info',
  message: 'Login successful',
  timestamp: '2025-07-19T21:48:47.659Z'
}
{
  service: 'authService',
  email: 'kamzy@gmail.com',
  action: 'LOGIN_ATTEMPT',
  level: 'info',
  message: 'Login attempt initiated',
  timestamp: '2025-07-19T21:49:10.505Z'
}
{
  service: 'authService',
  email: 'kamzy@gmail.com',
  action: 'LOGIN_FAILURE',
  level: 'warn',
  message: 'Login failed: invalid password',
  timestamp: '2025-07-19T21:49:10.947Z'
}
{
  service: 'authService',
  email: 'kamzy@gmail.com',
  action: 'LOGIN_FAILURE',
  error: HttpError: Invalid password
      at C:\Users\udoch\Documents\MY_PROJECTS\SPREAD_LOVE_WEBSITE\BACKEND\src\controllers\authController.ts:96:15
      at Generator.next (<anonymous>)
      at fulfilled (C:\Users\udoch\Documents\MY_PROJECTS\SPREAD_LOVE_WEBSITE\BACKEND\src\controllers\authController.ts:5:58) {
    status: 401
  },
  level: 'error',
  message: 'Login error',
  timestamp: '2025-07-19T21:49:10.949Z'
}
